#! /usr/local/Cellar/icarus-verilog/10.0/bin/vvp
:ivl_version "10.0 (stable)" "(v10_0)";
:ivl_delay_selection "TYPICAL";
:vpi_time_precision - 11;
:vpi_module "system";
:vpi_module "vhdl_sys";
:vpi_module "v2005_math";
:vpi_module "va_math";
S_0x7ff699f33f00 .scope module, "cpu_tb" "cpu_tb" 2 8;
 .timescale -9 -11;
P_0x7ff699f369f0 .param/l "bit_size" 0 2 10, +C4<00000000000000000000000000100000>;
P_0x7ff699f36a30 .param/l "mem_size" 0 2 11, +C4<00000000000000000000000000010000>;
v0x7ff699f544c0_0 .net "DM_Address", 15 0, L_0x7ff699f55cc0;  1 drivers
v0x7ff699f54570_0 .net "DM_Read_Data", 31 0, L_0x7ff699f551e0;  1 drivers
v0x7ff699f54610_0 .net "DM_Write_Data", 31 0, L_0x7ff699f55e50;  1 drivers
v0x7ff699f546e0_0 .net "DM_enable", 0 0, L_0x7ff699f55de0;  1 drivers
v0x7ff699f547b0_0 .net "IM_Address", 15 0, L_0x7ff699f552d0;  1 drivers
v0x7ff699f548c0_0 .net "Instruction", 31 0, L_0x7ff699f54f30;  1 drivers
v0x7ff699f54990_0 .var "clk", 0 0;
v0x7ff699f54a20_0 .var "err_R", 0 0;
v0x7ff699f54ab0 .array "golden_DM", 1023 0, 31 0;
v0x7ff699f54bc0_0 .var/i "i", 31 0;
v0x7ff699f54c50_0 .var "rst", 0 0;
v0x7ff699f54ce0_0 .var "tag_I", 0 0;
E_0x7ff699f36b10 .event edge, v0x7ff699f49b70_0;
S_0x7ff699f25d30 .scope module, "DM1" "DM" 2 36, 3 3 0, S_0x7ff699f33f00;
 .timescale -9 -11;
    .port_info 0 /INPUT 1 "clk"
    .port_info 1 /INPUT 1 "rst"
    .port_info 2 /INPUT 16 "DM_Address"
    .port_info 3 /INPUT 1 "DM_enable"
    .port_info 4 /INPUT 32 "DM_Write_Data"
    .port_info 5 /OUTPUT 32 "DM_Read_Data"
P_0x7ff699f38d40 .param/l "bit_size" 0 3 10, +C4<00000000000000000000000000100000>;
P_0x7ff699f38d80 .param/l "mem_size" 0 3 11, +C4<00000000000000000000000000010000>;
L_0x7ff699f551e0 .functor BUFZ 32, L_0x7ff699f54fe0, C4<00000000000000000000000000000000>, C4<00000000000000000000000000000000>, C4<00000000000000000000000000000000>;
v0x7ff699f26e50_0 .net "DM_Address", 15 0, L_0x7ff699f55cc0;  alias, 1 drivers
v0x7ff699f49060_0 .net "DM_Read_Data", 31 0, L_0x7ff699f551e0;  alias, 1 drivers
v0x7ff699f49100_0 .net "DM_Write_Data", 31 0, L_0x7ff699f55e50;  alias, 1 drivers
v0x7ff699f49190 .array "DM_data", 65535 0, 31 0;
v0x7ff699f49220_0 .net "DM_enable", 0 0, L_0x7ff699f55de0;  alias, 1 drivers
v0x7ff699f492f0_0 .net *"_s0", 31 0, L_0x7ff699f54fe0;  1 drivers
v0x7ff699f49380_0 .net *"_s2", 17 0, L_0x7ff699f550a0;  1 drivers
L_0x10e035050 .functor BUFT 1, C4<00>, C4<0>, C4<0>, C4<0>;
v0x7ff699f49430_0 .net *"_s5", 1 0, L_0x10e035050;  1 drivers
v0x7ff699f494e0_0 .net "clk", 0 0, v0x7ff699f54990_0;  1 drivers
v0x7ff699f495f0_0 .var/i "i", 31 0;
v0x7ff699f49690_0 .net "rst", 0 0, v0x7ff699f54c50_0;  1 drivers
E_0x7ff699f2f680 .event posedge, v0x7ff699f49690_0, v0x7ff699f494e0_0;
L_0x7ff699f54fe0 .array/port v0x7ff699f49190, L_0x7ff699f550a0;
L_0x7ff699f550a0 .concat [ 16 2 0 0], L_0x7ff699f55cc0, L_0x10e035050;
S_0x7ff699f497c0 .scope module, "IM1" "IM" 2 29, 4 3 0, S_0x7ff699f33f00;
 .timescale -9 -11;
    .port_info 0 /INPUT 1 "clk"
    .port_info 1 /INPUT 1 "rst"
    .port_info 2 /INPUT 16 "IM_Address"
    .port_info 3 /OUTPUT 32 "Instruction"
P_0x7ff699f49970 .param/l "bit_size" 0 4 8, +C4<00000000000000000000000000100000>;
P_0x7ff699f499b0 .param/l "mem_size" 0 4 9, +C4<00000000000000000000000000010000>;
L_0x7ff699f54f30 .functor BUFZ 32, L_0x7ff699f54d70, C4<00000000000000000000000000000000>, C4<00000000000000000000000000000000>, C4<00000000000000000000000000000000>;
v0x7ff699f49b70_0 .net "IM_Address", 15 0, L_0x7ff699f552d0;  alias, 1 drivers
v0x7ff699f49c00 .array "IM_data", 65535 0, 31 0;
v0x7ff699f49ca0_0 .net "Instruction", 31 0, L_0x7ff699f54f30;  alias, 1 drivers
v0x7ff699f49d30_0 .net *"_s0", 31 0, L_0x7ff699f54d70;  1 drivers
v0x7ff699f49dc0_0 .net *"_s2", 17 0, L_0x7ff699f54e10;  1 drivers
L_0x10e035008 .functor BUFT 1, C4<00>, C4<0>, C4<0>, C4<0>;
v0x7ff699f49e90_0 .net *"_s5", 1 0, L_0x10e035008;  1 drivers
v0x7ff699f49f30_0 .net "clk", 0 0, v0x7ff699f54990_0;  alias, 1 drivers
v0x7ff699f49fc0_0 .net "rst", 0 0, v0x7ff699f54c50_0;  alias, 1 drivers
L_0x7ff699f54d70 .array/port v0x7ff699f49c00, L_0x7ff699f54e10;
L_0x7ff699f54e10 .concat [ 16 2 0 0], L_0x7ff699f552d0, L_0x10e035008;
S_0x7ff699f4a0b0 .scope module, "top1" "top" 2 45, 5 12 0, S_0x7ff699f33f00;
 .timescale -9 -11;
    .port_info 0 /INPUT 1 "clk"
    .port_info 1 /INPUT 1 "rst"
    .port_info 2 /OUTPUT 16 "IM_Address"
    .port_info 3 /INPUT 32 "Instruction"
    .port_info 4 /OUTPUT 16 "DM_Address"
    .port_info 5 /OUTPUT 1 "DM_enable"
    .port_info 6 /OUTPUT 32 "DM_Write_Data"
    .port_info 7 /INPUT 32 "DM_Read_Data"
P_0x7ff699f4a260 .param/l "data_size" 0 5 23, +C4<00000000000000000000000000100000>;
P_0x7ff699f4a2a0 .param/l "mem_size" 0 5 24, +C4<00000000000000000000000000010000>;
P_0x7ff699f4a2e0 .param/l "pc_size" 0 5 39, +C4<00000000000000000000000000010010>;
L_0x7ff699f55de0 .functor BUFZ 1, v0x7ff699f4d4f0_0, C4<0>, C4<0>, C4<0>;
L_0x7ff699f55e50 .functor BUFZ 32, L_0x7ff699f56a10, C4<00000000000000000000000000000000>, C4<00000000000000000000000000000000>, C4<00000000000000000000000000000000>;
v0x7ff699f52160_0 .net "ALUOp", 3 0, v0x7ff699f4d1e0_0;  1 drivers
v0x7ff699f52240_0 .net "ALU_result", 31 0, v0x7ff699f4c0f0_0;  1 drivers
v0x7ff699f52320_0 .net "Branch", 0 0, v0x7ff699f4d2b0_0;  1 drivers
v0x7ff699f523f0_0 .net "BranchAddr", 17 0, L_0x7ff699f57310;  1 drivers
v0x7ff699f524c0_0 .net "DM_Address", 15 0, L_0x7ff699f55cc0;  alias, 1 drivers
v0x7ff699f52590_0 .net "DM_Read_Data", 31 0, L_0x7ff699f551e0;  alias, 1 drivers
v0x7ff699f52660_0 .net "DM_Write_Data", 31 0, L_0x7ff699f55e50;  alias, 1 drivers
v0x7ff699f526f0_0 .net "DM_enable", 0 0, L_0x7ff699f55de0;  alias, 1 drivers
v0x7ff699f52780_0 .net "IM_Address", 15 0, L_0x7ff699f552d0;  alias, 1 drivers
v0x7ff699f52890_0 .net "Instruction", 31 0, L_0x7ff699f54f30;  alias, 1 drivers
v0x7ff699f52920_0 .net "Jal", 0 0, v0x7ff699f4d340_0;  1 drivers
v0x7ff699f529b0_0 .net "Jr", 0 0, v0x7ff699f4d3d0_0;  1 drivers
v0x7ff699f52a80_0 .net "Jump", 0 0, v0x7ff699f4d460_0;  1 drivers
v0x7ff699f52b50_0 .net "JumpAddr", 17 0, L_0x7ff699f55b60;  1 drivers
v0x7ff699f52be0_0 .net "JumpOP", 1 0, v0x7ff699f4dea0_0;  1 drivers
v0x7ff699f52cb0_0 .net "MemWrite", 0 0, v0x7ff699f4d4f0_0;  1 drivers
v0x7ff699f52d40_0 .net "MemtoReg", 0 0, v0x7ff699f4d590_0;  1 drivers
v0x7ff699f52f10_0 .net "PC_add4", 17 0, L_0x7ff699f55ec0;  1 drivers
v0x7ff699f52fa0_0 .net "PC_add8", 17 0, L_0x7ff699f56040;  1 drivers
v0x7ff699f53030_0 .net "PCin", 17 0, v0x7ff699f4ed50_0;  1 drivers
v0x7ff699f530c0_0 .net "PCout", 17 0, v0x7ff699f4e430_0;  1 drivers
v0x7ff699f53190_0 .net "Rd", 4 0, L_0x7ff699f555b0;  1 drivers
v0x7ff699f53220_0 .net "Rd_Rt_out", 4 0, L_0x7ff699f56120;  1 drivers
v0x7ff699f532f0_0 .net "RegWrite", 0 0, v0x7ff699f4d630_0;  1 drivers
v0x7ff699f533c0_0 .net "Reg_imm", 0 0, v0x7ff699f4d6d0_0;  1 drivers
v0x7ff699f53450_0 .net "Rs", 4 0, L_0x7ff699f55690;  1 drivers
v0x7ff699f534e0_0 .net "Rs_data", 31 0, L_0x7ff699f56720;  1 drivers
v0x7ff699f535b0_0 .net "Rt", 4 0, L_0x7ff699f557a0;  1 drivers
v0x7ff699f53680_0 .net "Rt_data", 31 0, L_0x7ff699f56a10;  1 drivers
v0x7ff699f53750_0 .net "WB_data", 31 0, L_0x7ff699f57680;  1 drivers
v0x7ff699f53820_0 .net "WD_out", 31 0, L_0x7ff699f56460;  1 drivers
v0x7ff699f538f0_0 .net "WR_out", 4 0, L_0x7ff699f562c0;  1 drivers
v0x7ff699f539c0_0 .net "Zero", 0 0, v0x7ff699f4c190_0;  1 drivers
v0x7ff699f52e10_0 .net *"_s17", 15 0, L_0x7ff699f55ac0;  1 drivers
L_0x10e035098 .functor BUFT 1, C4<00>, C4<0>, C4<0>, C4<0>;
v0x7ff699f53c50_0 .net/2u *"_s18", 1 0, L_0x10e035098;  1 drivers
L_0x10e0351b8 .functor BUFT 1, C4<00000000000000>, C4<0>, C4<0>, C4<0>;
v0x7ff699f53ce0_0 .net/2u *"_s34", 13 0, L_0x10e0351b8;  1 drivers
v0x7ff699f53d70_0 .net *"_s39", 15 0, L_0x7ff699f573b0;  1 drivers
L_0x10e035290 .functor BUFT 1, C4<00>, C4<0>, C4<0>, C4<0>;
v0x7ff699f53e00_0 .net/2u *"_s40", 1 0, L_0x10e035290;  1 drivers
v0x7ff699f53e90_0 .net "clk", 0 0, v0x7ff699f54990_0;  alias, 1 drivers
v0x7ff699f53fa0_0 .net "funct", 5 0, L_0x7ff699f55510;  1 drivers
v0x7ff699f54030_0 .net "imm", 15 0, L_0x7ff699f55940;  1 drivers
v0x7ff699f540c0_0 .net "opcode", 5 0, L_0x7ff699f553f0;  1 drivers
v0x7ff699f54150_0 .net "rst", 0 0, v0x7ff699f54c50_0;  alias, 1 drivers
v0x7ff699f54260_0 .net "scr2", 31 0, L_0x7ff699f57050;  1 drivers
v0x7ff699f542f0_0 .net "se_imm", 31 0, L_0x7ff699f56d50;  1 drivers
v0x7ff699f543c0_0 .net "shamt", 4 0, L_0x7ff699f55a20;  1 drivers
L_0x7ff699f552d0 .part v0x7ff699f4e430_0, 2, 16;
L_0x7ff699f553f0 .part L_0x7ff699f54f30, 26, 6;
L_0x7ff699f55510 .part L_0x7ff699f54f30, 0, 6;
L_0x7ff699f555b0 .part L_0x7ff699f54f30, 11, 5;
L_0x7ff699f55690 .part L_0x7ff699f54f30, 21, 5;
L_0x7ff699f557a0 .part L_0x7ff699f54f30, 16, 5;
L_0x7ff699f55940 .part L_0x7ff699f54f30, 0, 16;
L_0x7ff699f55a20 .part L_0x7ff699f54f30, 6, 5;
L_0x7ff699f55ac0 .part L_0x7ff699f54f30, 0, 16;
L_0x7ff699f55b60 .concat [ 2 16 0 0], L_0x10e035098, L_0x7ff699f55ac0;
L_0x7ff699f55cc0 .part v0x7ff699f4c0f0_0, 2, 16;
L_0x7ff699f56500 .concat [ 18 14 0 0], L_0x7ff699f56040, L_0x10e0351b8;
L_0x7ff699f573b0 .part L_0x7ff699f56d50, 0, 16;
L_0x7ff699f574c0 .concat [ 2 16 0 0], L_0x10e035290, L_0x7ff699f573b0;
L_0x7ff699f57560 .part L_0x7ff699f56720, 0, 18;
S_0x7ff699f4a5c0 .scope module, "ADD_Branch" "ADD" 5 204, 6 3 0, S_0x7ff699f4a0b0;
 .timescale -9 -11;
    .port_info 0 /INPUT 18 "A"
    .port_info 1 /INPUT 18 "B"
    .port_info 2 /OUTPUT 18 "Cout"
P_0x7ff699f4a770 .param/l "n" 0 6 7, +C4<00000000000000000000000000010010>;
v0x7ff699f4a880_0 .net "A", 17 0, L_0x7ff699f55ec0;  alias, 1 drivers
v0x7ff699f4a940_0 .net "B", 17 0, L_0x7ff699f574c0;  1 drivers
v0x7ff699f4a9e0_0 .net "Cout", 17 0, L_0x7ff699f57310;  alias, 1 drivers
L_0x7ff699f57310 .arith/sum 18, L_0x7ff699f55ec0, L_0x7ff699f574c0;
S_0x7ff699f4aa80 .scope module, "ADD_Plus4" "ADD" 5 119, 6 3 0, S_0x7ff699f4a0b0;
 .timescale -9 -11;
    .port_info 0 /INPUT 18 "A"
    .port_info 1 /INPUT 18 "B"
    .port_info 2 /OUTPUT 18 "Cout"
P_0x7ff699f4ac40 .param/l "n" 0 6 7, +C4<00000000000000000000000000010010>;
v0x7ff699f4adb0_0 .net "A", 17 0, v0x7ff699f4e430_0;  alias, 1 drivers
L_0x10e0350e0 .functor BUFT 1, C4<000000000000000100>, C4<0>, C4<0>, C4<0>;
v0x7ff699f4ae60_0 .net "B", 17 0, L_0x10e0350e0;  1 drivers
v0x7ff699f4af00_0 .net "Cout", 17 0, L_0x7ff699f55ec0;  alias, 1 drivers
L_0x7ff699f55ec0 .arith/sum 18, v0x7ff699f4e430_0, L_0x10e0350e0;
S_0x7ff699f4afa0 .scope module, "ADD_Plus_other_4" "ADD" 5 125, 6 3 0, S_0x7ff699f4a0b0;
 .timescale -9 -11;
    .port_info 0 /INPUT 18 "A"
    .port_info 1 /INPUT 18 "B"
    .port_info 2 /OUTPUT 18 "Cout"
P_0x7ff699f4b150 .param/l "n" 0 6 7, +C4<00000000000000000000000000010010>;
v0x7ff699f4b2e0_0 .net "A", 17 0, L_0x7ff699f55ec0;  alias, 1 drivers
L_0x10e035128 .functor BUFT 1, C4<000000000000000100>, C4<0>, C4<0>, C4<0>;
v0x7ff699f4b3c0_0 .net "B", 17 0, L_0x10e035128;  1 drivers
v0x7ff699f4b450_0 .net "Cout", 17 0, L_0x7ff699f56040;  alias, 1 drivers
L_0x7ff699f56040 .arith/sum 18, L_0x7ff699f55ec0, L_0x10e035128;
S_0x7ff699f4b4e0 .scope module, "ALU1" "ALU" 5 194, 7 4 0, S_0x7ff699f4a0b0;
 .timescale -9 -11;
    .port_info 0 /INPUT 4 "ALUOp"
    .port_info 1 /INPUT 32 "scr1"
    .port_info 2 /INPUT 32 "scr2"
    .port_info 3 /INPUT 5 "shamt"
    .port_info 4 /OUTPUT 32 "ALU_result"
    .port_info 5 /OUTPUT 1 "Zero"
P_0x7ff699f4b690 .param/l "bit_size" 0 7 11, +C4<00000000000000000000000000100000>;
P_0x7ff699f4b6d0 .param/l "op_add" 0 7 27, +C4<00000000000000000000000000000001>;
P_0x7ff699f4b710 .param/l "op_and" 0 7 29, +C4<00000000000000000000000000000011>;
P_0x7ff699f4b750 .param/l "op_beq" 0 7 36, +C4<00000000000000000000000000001010>;
P_0x7ff699f4b790 .param/l "op_bne" 0 7 37, +C4<00000000000000000000000000001011>;
P_0x7ff699f4b7d0 .param/l "op_nop" 0 7 26, +C4<00000000000000000000000000000000>;
P_0x7ff699f4b810 .param/l "op_nor" 0 7 32, +C4<00000000000000000000000000000110>;
P_0x7ff699f4b850 .param/l "op_or" 0 7 30, +C4<00000000000000000000000000000100>;
P_0x7ff699f4b890 .param/l "op_sll" 0 7 34, +C4<00000000000000000000000000001000>;
P_0x7ff699f4b8d0 .param/l "op_slt" 0 7 33, +C4<00000000000000000000000000000111>;
P_0x7ff699f4b910 .param/l "op_srl" 0 7 35, +C4<00000000000000000000000000001001>;
P_0x7ff699f4b950 .param/l "op_sub" 0 7 28, +C4<00000000000000000000000000000010>;
P_0x7ff699f4b990 .param/l "op_xor" 0 7 31, +C4<00000000000000000000000000000101>;
v0x7ff699f4c030_0 .net "ALUOp", 3 0, v0x7ff699f4d1e0_0;  alias, 1 drivers
v0x7ff699f4c0f0_0 .var "ALU_result", 31 0;
v0x7ff699f4c190_0 .var "Zero", 0 0;
v0x7ff699f4c220_0 .net "scr1", 31 0, L_0x7ff699f56720;  alias, 1 drivers
v0x7ff699f4c2b0_0 .net "scr2", 31 0, L_0x7ff699f57050;  alias, 1 drivers
v0x7ff699f4c380_0 .net "shamt", 4 0, L_0x7ff699f55a20;  alias, 1 drivers
v0x7ff699f4c420_0 .net "sub_result", 31 0, L_0x7ff699f57170;  1 drivers
E_0x7ff699f4bfd0 .event edge, v0x7ff699f4c030_0, v0x7ff699f4c220_0, v0x7ff699f4c2b0_0, v0x7ff699f4c380_0;
L_0x7ff699f57170 .arith/sub 32, L_0x7ff699f56720, L_0x7ff699f57050;
S_0x7ff699f4c560 .scope module, "Controller1" "Controller" 5 132, 8 4 0, S_0x7ff699f4a0b0;
 .timescale -9 -11;
    .port_info 0 /INPUT 6 "opcode"
    .port_info 1 /INPUT 6 "funct"
    .port_info 2 /OUTPUT 1 "Reg_imm"
    .port_info 3 /OUTPUT 1 "Jump"
    .port_info 4 /OUTPUT 1 "Branch"
    .port_info 5 /OUTPUT 1 "Jal"
    .port_info 6 /OUTPUT 1 "Jr"
    .port_info 7 /OUTPUT 1 "MemtoReg"
    .port_info 8 /OUTPUT 4 "ALUOp"
    .port_info 9 /OUTPUT 1 "RegWrite"
    .port_info 10 /OUTPUT 1 "MemWrite"
P_0x7ff699f4c750 .param/l "Reg_data" 0 8 41, +C4<00000000000000000000000000000000>;
P_0x7ff699f4c790 .param/l "imm_data" 0 8 42, +C4<00000000000000000000000000000001>;
P_0x7ff699f4c7d0 .param/l "op_add" 0 8 46, +C4<00000000000000000000000000000001>;
P_0x7ff699f4c810 .param/l "op_and" 0 8 48, +C4<00000000000000000000000000000011>;
P_0x7ff699f4c850 .param/l "op_beq" 0 8 55, +C4<00000000000000000000000000001010>;
P_0x7ff699f4c890 .param/l "op_bne" 0 8 56, +C4<00000000000000000000000000001011>;
P_0x7ff699f4c8d0 .param/l "op_nop" 0 8 45, +C4<00000000000000000000000000000000>;
P_0x7ff699f4c910 .param/l "op_nor" 0 8 51, +C4<00000000000000000000000000000110>;
P_0x7ff699f4c950 .param/l "op_or" 0 8 49, +C4<00000000000000000000000000000100>;
P_0x7ff699f4c990 .param/l "op_sll" 0 8 53, +C4<00000000000000000000000000001000>;
P_0x7ff699f4c9d0 .param/l "op_slt" 0 8 52, +C4<00000000000000000000000000000111>;
P_0x7ff699f4ca10 .param/l "op_srl" 0 8 54, +C4<00000000000000000000000000001001>;
P_0x7ff699f4ca50 .param/l "op_sub" 0 8 47, +C4<00000000000000000000000000000010>;
P_0x7ff699f4ca90 .param/l "op_xor" 0 8 50, +C4<00000000000000000000000000000101>;
v0x7ff699f4d1e0_0 .var "ALUOp", 3 0;
v0x7ff699f4d2b0_0 .var "Branch", 0 0;
v0x7ff699f4d340_0 .var "Jal", 0 0;
v0x7ff699f4d3d0_0 .var "Jr", 0 0;
v0x7ff699f4d460_0 .var "Jump", 0 0;
v0x7ff699f4d4f0_0 .var "MemWrite", 0 0;
v0x7ff699f4d590_0 .var "MemtoReg", 0 0;
v0x7ff699f4d630_0 .var "RegWrite", 0 0;
v0x7ff699f4d6d0_0 .var "Reg_imm", 0 0;
v0x7ff699f4d7e0_0 .net "funct", 5 0, L_0x7ff699f55510;  alias, 1 drivers
v0x7ff699f4d880_0 .net "opcode", 5 0, L_0x7ff699f553f0;  alias, 1 drivers
E_0x7ff699f4d1a0 .event edge, v0x7ff699f4d880_0, v0x7ff699f4d7e0_0;
S_0x7ff699f4da40 .scope module, "Jump_Ctrl1" "Jump_Ctrl" 5 219, 9 3 0, S_0x7ff699f4a0b0;
 .timescale -9 -11;
    .port_info 0 /INPUT 1 "Branch"
    .port_info 1 /INPUT 1 "Zero"
    .port_info 2 /INPUT 1 "Jr"
    .port_info 3 /INPUT 1 "Jump"
    .port_info 4 /OUTPUT 2 "JumpOP"
v0x7ff699f4dcc0_0 .net "Branch", 0 0, v0x7ff699f4d2b0_0;  alias, 1 drivers
v0x7ff699f4dd80_0 .net "Jr", 0 0, v0x7ff699f4d3d0_0;  alias, 1 drivers
v0x7ff699f4de10_0 .net "Jump", 0 0, v0x7ff699f4d460_0;  alias, 1 drivers
v0x7ff699f4dea0_0 .var "JumpOP", 1 0;
v0x7ff699f4df30_0 .net "Zero", 0 0, v0x7ff699f4c190_0;  alias, 1 drivers
E_0x7ff699f4dc70 .event edge, v0x7ff699f4d2b0_0, v0x7ff699f4c190_0, v0x7ff699f4d3d0_0, v0x7ff699f4d460_0;
S_0x7ff699f4e050 .scope module, "PC1" "PC" 5 114, 10 3 0, S_0x7ff699f4a0b0;
 .timescale -9 -11;
    .port_info 0 /INPUT 1 "clk"
    .port_info 1 /INPUT 1 "rst"
    .port_info 2 /INPUT 18 "PCin"
    .port_info 3 /OUTPUT 18 "PCout"
P_0x7ff699f4e200 .param/l "bit_size" 0 10 8, +C4<00000000000000000000000000010010>;
v0x7ff699f4e380_0 .net "PCin", 17 0, v0x7ff699f4ed50_0;  alias, 1 drivers
v0x7ff699f4e430_0 .var "PCout", 17 0;
v0x7ff699f4e4d0_0 .net "clk", 0 0, v0x7ff699f54990_0;  alias, 1 drivers
v0x7ff699f4e560_0 .net "rst", 0 0, v0x7ff699f54c50_0;  alias, 1 drivers
S_0x7ff699f4e630 .scope module, "PC_Mux" "Mux4to1" 5 210, 11 3 0, S_0x7ff699f4a0b0;
 .timescale -9 -11;
    .port_info 0 /INPUT 18 "I0"
    .port_info 1 /INPUT 18 "I1"
    .port_info 2 /INPUT 18 "I2"
    .port_info 3 /INPUT 18 "I3"
    .port_info 4 /INPUT 2 "S"
    .port_info 5 /OUTPUT 18 "out"
P_0x7ff699f4e7e0 .param/l "bit_size" 0 11 5, +C4<00000000000000000000000000010010>;
v0x7ff699f4ea10_0 .net "I0", 17 0, L_0x7ff699f55ec0;  alias, 1 drivers
v0x7ff699f4eac0_0 .net "I1", 17 0, L_0x7ff699f57310;  alias, 1 drivers
v0x7ff699f4eb60_0 .net "I2", 17 0, L_0x7ff699f57560;  1 drivers
v0x7ff699f4ebf0_0 .net "I3", 17 0, L_0x7ff699f55b60;  alias, 1 drivers
v0x7ff699f4ec80_0 .net "S", 1 0, v0x7ff699f4dea0_0;  alias, 1 drivers
v0x7ff699f4ed50_0 .var "out", 17 0;
E_0x7ff699f4e9a0/0 .event edge, v0x7ff699f4dea0_0, v0x7ff699f4a880_0, v0x7ff699f4a9e0_0, v0x7ff699f4eb60_0;
E_0x7ff699f4e9a0/1 .event edge, v0x7ff699f4ebf0_0;
E_0x7ff699f4e9a0 .event/or E_0x7ff699f4e9a0/0, E_0x7ff699f4e9a0/1;
S_0x7ff699f4ee70 .scope module, "Rd_Rt" "Mux2to1" 5 147, 12 3 0, S_0x7ff699f4a0b0;
 .timescale -9 -11;
    .port_info 0 /INPUT 5 "I0"
    .port_info 1 /INPUT 5 "I1"
    .port_info 2 /INPUT 1 "S"
    .port_info 3 /OUTPUT 5 "out"
P_0x7ff699f4c710 .param/l "bit_size" 0 12 5, +C4<00000000000000000000000000000101>;
v0x7ff699f4f1e0_0 .net "I0", 4 0, L_0x7ff699f555b0;  alias, 1 drivers
v0x7ff699f4f290_0 .net "I1", 4 0, L_0x7ff699f557a0;  alias, 1 drivers
v0x7ff699f4f330_0 .net "S", 0 0, v0x7ff699f4d6d0_0;  alias, 1 drivers
v0x7ff699f4f3c0_0 .net "out", 4 0, L_0x7ff699f56120;  alias, 1 drivers
L_0x7ff699f56120 .functor MUXZ 5, L_0x7ff699f555b0, L_0x7ff699f557a0, v0x7ff699f4d6d0_0, C4<>;
S_0x7ff699f4f480 .scope module, "Registers1" "Registers" 5 168, 13 3 0, S_0x7ff699f4a0b0;
 .timescale -9 -11;
    .port_info 0 /INPUT 1 "clk"
    .port_info 1 /INPUT 1 "rst"
    .port_info 2 /INPUT 5 "Read_addr_1"
    .port_info 3 /INPUT 5 "Read_addr_2"
    .port_info 4 /OUTPUT 32 "Read_data_1"
    .port_info 5 /OUTPUT 32 "Read_data_2"
    .port_info 6 /INPUT 1 "RegWrite"
    .port_info 7 /INPUT 5 "Write_addr"
    .port_info 8 /INPUT 32 "Write_data"
P_0x7ff699f4f630 .param/l "bit_size" 0 13 13, +C4<00000000000000000000000000100000>;
L_0x7ff699f56720 .functor BUFZ 32, L_0x7ff699f565a0, C4<00000000000000000000000000000000>, C4<00000000000000000000000000000000>, C4<00000000000000000000000000000000>;
L_0x7ff699f56a10 .functor BUFZ 32, L_0x7ff699f567d0, C4<00000000000000000000000000000000>, C4<00000000000000000000000000000000>, C4<00000000000000000000000000000000>;
v0x7ff699f4f860_0 .net "Read_addr_1", 4 0, L_0x7ff699f55690;  alias, 1 drivers
v0x7ff699f4f920_0 .net "Read_addr_2", 4 0, L_0x7ff699f557a0;  alias, 1 drivers
v0x7ff699f4f9c0_0 .net "Read_data_1", 31 0, L_0x7ff699f56720;  alias, 1 drivers
v0x7ff699f4fa50_0 .net "Read_data_2", 31 0, L_0x7ff699f56a10;  alias, 1 drivers
v0x7ff699f4fae0_0 .net "RegWrite", 0 0, v0x7ff699f4d630_0;  alias, 1 drivers
v0x7ff699f4fbb0 .array "Reg_data", 31 0, 31 0;
v0x7ff699f4fc40_0 .net "Write_addr", 4 0, L_0x7ff699f562c0;  alias, 1 drivers
v0x7ff699f4fcd0_0 .net "Write_data", 31 0, L_0x7ff699f56460;  alias, 1 drivers
v0x7ff699f4fd80_0 .net *"_s0", 31 0, L_0x7ff699f565a0;  1 drivers
v0x7ff699f4feb0_0 .net *"_s10", 6 0, L_0x7ff699f56870;  1 drivers
L_0x10e035248 .functor BUFT 1, C4<00>, C4<0>, C4<0>, C4<0>;
v0x7ff699f4ff60_0 .net *"_s13", 1 0, L_0x10e035248;  1 drivers
v0x7ff699f50010_0 .net *"_s2", 6 0, L_0x7ff699f56640;  1 drivers
L_0x10e035200 .functor BUFT 1, C4<00>, C4<0>, C4<0>, C4<0>;
v0x7ff699f500c0_0 .net *"_s5", 1 0, L_0x10e035200;  1 drivers
v0x7ff699f50170_0 .net *"_s8", 31 0, L_0x7ff699f567d0;  1 drivers
v0x7ff699f50220_0 .net "clk", 0 0, v0x7ff699f54990_0;  alias, 1 drivers
v0x7ff699f502b0_0 .var/i "i", 31 0;
v0x7ff699f50360_0 .net "rst", 0 0, v0x7ff699f54c50_0;  alias, 1 drivers
L_0x7ff699f565a0 .array/port v0x7ff699f4fbb0, L_0x7ff699f56640;
L_0x7ff699f56640 .concat [ 5 2 0 0], L_0x7ff699f55690, L_0x10e035200;
L_0x7ff699f567d0 .array/port v0x7ff699f4fbb0, L_0x7ff699f56870;
L_0x7ff699f56870 .concat [ 5 2 0 0], L_0x7ff699f557a0, L_0x10e035248;
S_0x7ff699f50590 .scope module, "Rt_imm" "Mux2to1" 5 187, 12 3 0, S_0x7ff699f4a0b0;
 .timescale -9 -11;
    .port_info 0 /INPUT 32 "I0"
    .port_info 1 /INPUT 32 "I1"
    .port_info 2 /INPUT 1 "S"
    .port_info 3 /OUTPUT 32 "out"
P_0x7ff699f4fe10 .param/l "bit_size" 0 12 5, +C4<00000000000000000000000000100000>;
v0x7ff699f50810_0 .net "I0", 31 0, L_0x7ff699f56a10;  alias, 1 drivers
v0x7ff699f508e0_0 .net "I1", 31 0, L_0x7ff699f56d50;  alias, 1 drivers
v0x7ff699f50970_0 .net "S", 0 0, v0x7ff699f4d6d0_0;  alias, 1 drivers
v0x7ff699f50a00_0 .net "out", 31 0, L_0x7ff699f57050;  alias, 1 drivers
L_0x7ff699f57050 .functor MUXZ 32, L_0x7ff699f56a10, L_0x7ff699f56d50, v0x7ff699f4d6d0_0, C4<>;
S_0x7ff699f50ad0 .scope module, "WB_Mux" "Mux2to1" 5 228, 12 3 0, S_0x7ff699f4a0b0;
 .timescale -9 -11;
    .port_info 0 /INPUT 32 "I0"
    .port_info 1 /INPUT 32 "I1"
    .port_info 2 /INPUT 1 "S"
    .port_info 3 /OUTPUT 32 "out"
P_0x7ff699f50c80 .param/l "bit_size" 0 12 5, +C4<00000000000000000000000000100000>;
v0x7ff699f50e00_0 .net "I0", 31 0, v0x7ff699f4c0f0_0;  alias, 1 drivers
v0x7ff699f50ed0_0 .net "I1", 31 0, L_0x7ff699f551e0;  alias, 1 drivers
v0x7ff699f50f60_0 .net "S", 0 0, v0x7ff699f4d590_0;  alias, 1 drivers
v0x7ff699f50ff0_0 .net "out", 31 0, L_0x7ff699f57680;  alias, 1 drivers
L_0x7ff699f57680 .functor MUXZ 32, v0x7ff699f4c0f0_0, L_0x7ff699f551e0, v0x7ff699f4d590_0, C4<>;
S_0x7ff699f510b0 .scope module, "WD" "Mux2to1" 5 161, 12 3 0, S_0x7ff699f4a0b0;
 .timescale -9 -11;
    .port_info 0 /INPUT 32 "I0"
    .port_info 1 /INPUT 32 "I1"
    .port_info 2 /INPUT 1 "S"
    .port_info 3 /OUTPUT 32 "out"
P_0x7ff699f51260 .param/l "bit_size" 0 12 5, +C4<00000000000000000000000000100000>;
v0x7ff699f513e0_0 .net "I0", 31 0, L_0x7ff699f57680;  alias, 1 drivers
v0x7ff699f514b0_0 .net "I1", 31 0, L_0x7ff699f56500;  1 drivers
v0x7ff699f51540_0 .net "S", 0 0, v0x7ff699f4d340_0;  alias, 1 drivers
v0x7ff699f515d0_0 .net "out", 31 0, L_0x7ff699f56460;  alias, 1 drivers
L_0x7ff699f56460 .functor MUXZ 32, L_0x7ff699f57680, L_0x7ff699f56500, v0x7ff699f4d340_0, C4<>;
S_0x7ff699f51690 .scope module, "WR" "Mux2to1" 5 154, 12 3 0, S_0x7ff699f4a0b0;
 .timescale -9 -11;
    .port_info 0 /INPUT 5 "I0"
    .port_info 1 /INPUT 5 "I1"
    .port_info 2 /INPUT 1 "S"
    .port_info 3 /OUTPUT 5 "out"
P_0x7ff699f51840 .param/l "bit_size" 0 12 5, +C4<00000000000000000000000000000101>;
v0x7ff699f519c0_0 .net "I0", 4 0, L_0x7ff699f56120;  alias, 1 drivers
L_0x10e035170 .functor BUFT 1, C4<11111>, C4<0>, C4<0>, C4<0>;
v0x7ff699f51a90_0 .net "I1", 4 0, L_0x10e035170;  1 drivers
v0x7ff699f51b20_0 .net "S", 0 0, v0x7ff699f4d340_0;  alias, 1 drivers
v0x7ff699f51bb0_0 .net "out", 4 0, L_0x7ff699f562c0;  alias, 1 drivers
L_0x7ff699f562c0 .functor MUXZ 5, L_0x7ff699f56120, L_0x10e035170, v0x7ff699f4d340_0, C4<>;
S_0x7ff699f51c80 .scope module, "sign_extend1" "sign_extend" 5 181, 14 3 0, S_0x7ff699f4a0b0;
 .timescale -9 -11;
    .port_info 0 /INPUT 16 "in"
    .port_info 1 /OUTPUT 32 "out"
v0x7ff699f51e70_0 .net *"_s1", 0 0, L_0x7ff699f56b00;  1 drivers
v0x7ff699f51f30_0 .net *"_s2", 15 0, L_0x7ff699f56ba0;  1 drivers
v0x7ff699f51fd0_0 .net "in", 15 0, L_0x7ff699f55940;  alias, 1 drivers
v0x7ff699f52080_0 .net "out", 31 0, L_0x7ff699f56d50;  alias, 1 drivers
L_0x7ff699f56b00 .part L_0x7ff699f55940, 15, 1;
LS_0x7ff699f56ba0_0_0 .concat [ 1 1 1 1], L_0x7ff699f56b00, L_0x7ff699f56b00, L_0x7ff699f56b00, L_0x7ff699f56b00;
LS_0x7ff699f56ba0_0_4 .concat [ 1 1 1 1], L_0x7ff699f56b00, L_0x7ff699f56b00, L_0x7ff699f56b00, L_0x7ff699f56b00;
LS_0x7ff699f56ba0_0_8 .concat [ 1 1 1 1], L_0x7ff699f56b00, L_0x7ff699f56b00, L_0x7ff699f56b00, L_0x7ff699f56b00;
LS_0x7ff699f56ba0_0_12 .concat [ 1 1 1 1], L_0x7ff699f56b00, L_0x7ff699f56b00, L_0x7ff699f56b00, L_0x7ff699f56b00;
L_0x7ff699f56ba0 .concat [ 4 4 4 4], LS_0x7ff699f56ba0_0_0, LS_0x7ff699f56ba0_0_4, LS_0x7ff699f56ba0_0_8, LS_0x7ff699f56ba0_0_12;
L_0x7ff699f56d50 .concat [ 16 16 0 0], L_0x7ff699f55940, L_0x7ff699f56ba0;
    .scope S_0x7ff699f25d30;
T_0 ;
    %wait E_0x7ff699f2f680;
    %load/vec4 v0x7ff699f49690_0;
    %flag_set/vec4 8;
    %jmp/0xz  T_0.0, 8;
    %pushi/vec4 0, 0, 32;
    %store/vec4 v0x7ff699f495f0_0, 0, 32;
T_0.2 ;
    %load/vec4 v0x7ff699f495f0_0;
    %cmpi/s 65536, 0, 32;
    %jmp/0xz T_0.3, 5;
    %pushi/vec4 0, 0, 32;
    %ix/getv/s 3, v0x7ff699f495f0_0;
    %ix/load 4, 0, 0; Constant delay
    %assign/vec4/a/d v0x7ff699f49190, 0, 4;
    %load/vec4 v0x7ff699f495f0_0;
    %addi 1, 0, 32;
    %store/vec4 v0x7ff699f495f0_0, 0, 32;
    %jmp T_0.2;
T_0.3 ;
    %jmp T_0.1;
T_0.0 ;
    %load/vec4 v0x7ff699f49220_0;
    %flag_set/vec4 8;
    %jmp/0xz  T_0.4, 8;
    %load/vec4 v0x7ff699f49100_0;
    %load/vec4 v0x7ff699f26e50_0;
    %pad/u 18;
    %ix/vec4 3;
    %ix/load 4, 0, 0; Constant delay
    %assign/vec4/a/d v0x7ff699f49190, 0, 4;
T_0.4 ;
T_0.1 ;
    %jmp T_0;
    .thread T_0;
    .scope S_0x7ff699f4e050;
T_1 ;
    %wait E_0x7ff699f2f680;
    %load/vec4 v0x7ff699f4e560_0;
    %flag_set/vec4 8;
    %jmp/0 T_1.0, 8;
    %pushi/vec4 0, 0, 18;
    %jmp/1 T_1.1, 8;
T_1.0 ; End of true expr.
    %load/vec4 v0x7ff699f4e380_0;
    %jmp/0 T_1.1, 8;
 ; End of false expr.
    %blend;
T_1.1;
    %assign/vec4 v0x7ff699f4e430_0, 0;
    %jmp T_1;
    .thread T_1;
    .scope S_0x7ff699f4c560;
T_2 ;
    %wait E_0x7ff699f4d1a0;
    %pushi/vec4 0, 0, 1;
    %store/vec4 v0x7ff699f4d6d0_0, 0, 1;
    %pushi/vec4 0, 0, 1;
    %store/vec4 v0x7ff699f4d460_0, 0, 1;
    %pushi/vec4 0, 0, 1;
    %store/vec4 v0x7ff699f4d2b0_0, 0, 1;
    %pushi/vec4 0, 0, 1;
    %store/vec4 v0x7ff699f4d340_0, 0, 1;
    %pushi/vec4 0, 0, 1;
    %store/vec4 v0x7ff699f4d3d0_0, 0, 1;
    %pushi/vec4 0, 0, 1;
    %store/vec4 v0x7ff699f4d590_0, 0, 1;
    %pushi/vec4 0, 0, 4;
    %store/vec4 v0x7ff699f4d1e0_0, 0, 4;
    %pushi/vec4 0, 0, 1;
    %store/vec4 v0x7ff699f4d630_0, 0, 1;
    %pushi/vec4 0, 0, 1;
    %store/vec4 v0x7ff699f4d4f0_0, 0, 1;
    %load/vec4 v0x7ff699f4d880_0;
    %dup/vec4;
    %pushi/vec4 0, 0, 6;
    %cmp/u;
    %jmp/1 T_2.0, 6;
    %dup/vec4;
    %pushi/vec4 8, 0, 6;
    %cmp/u;
    %jmp/1 T_2.1, 6;
    %dup/vec4;
    %pushi/vec4 12, 0, 6;
    %cmp/u;
    %jmp/1 T_2.2, 6;
    %dup/vec4;
    %pushi/vec4 10, 0, 6;
    %cmp/u;
    %jmp/1 T_2.3, 6;
    %dup/vec4;
    %pushi/vec4 4, 0, 6;
    %cmp/u;
    %jmp/1 T_2.4, 6;
    %dup/vec4;
    %pushi/vec4 5, 0, 6;
    %cmp/u;
    %jmp/1 T_2.5, 6;
    %dup/vec4;
    %pushi/vec4 35, 0, 6;
    %cmp/u;
    %jmp/1 T_2.6, 6;
    %dup/vec4;
    %pushi/vec4 43, 0, 6;
    %cmp/u;
    %jmp/1 T_2.7, 6;
    %dup/vec4;
    %pushi/vec4 2, 0, 6;
    %cmp/u;
    %jmp/1 T_2.8, 6;
    %dup/vec4;
    %pushi/vec4 3, 0, 6;
    %cmp/u;
    %jmp/1 T_2.9, 6;
    %jmp T_2.10;
T_2.0 ;
    %load/vec4 v0x7ff699f4d7e0_0;
    %dup/vec4;
    %pushi/vec4 32, 0, 6;
    %cmp/u;
    %jmp/1 T_2.11, 6;
    %dup/vec4;
    %pushi/vec4 34, 0, 6;
    %cmp/u;
    %jmp/1 T_2.12, 6;
    %dup/vec4;
    %pushi/vec4 36, 0, 6;
    %cmp/u;
    %jmp/1 T_2.13, 6;
    %dup/vec4;
    %pushi/vec4 37, 0, 6;
    %cmp/u;
    %jmp/1 T_2.14, 6;
    %dup/vec4;
    %pushi/vec4 38, 0, 6;
    %cmp/u;
    %jmp/1 T_2.15, 6;
    %dup/vec4;
    %pushi/vec4 39, 0, 6;
    %cmp/u;
    %jmp/1 T_2.16, 6;
    %dup/vec4;
    %pushi/vec4 42, 0, 6;
    %cmp/u;
    %jmp/1 T_2.17, 6;
    %dup/vec4;
    %pushi/vec4 0, 0, 6;
    %cmp/u;
    %jmp/1 T_2.18, 6;
    %dup/vec4;
    %pushi/vec4 2, 0, 6;
    %cmp/u;
    %jmp/1 T_2.19, 6;
    %dup/vec4;
    %pushi/vec4 8, 0, 6;
    %cmp/u;
    %jmp/1 T_2.20, 6;
    %jmp T_2.21;
T_2.11 ;
    %pushi/vec4 1, 0, 4;
    %store/vec4 v0x7ff699f4d1e0_0, 0, 4;
    %pushi/vec4 1, 0, 1;
    %store/vec4 v0x7ff699f4d630_0, 0, 1;
    %jmp T_2.21;
T_2.12 ;
    %pushi/vec4 2, 0, 4;
    %store/vec4 v0x7ff699f4d1e0_0, 0, 4;
    %pushi/vec4 1, 0, 1;
    %store/vec4 v0x7ff699f4d630_0, 0, 1;
    %jmp T_2.21;
T_2.13 ;
    %pushi/vec4 3, 0, 4;
    %store/vec4 v0x7ff699f4d1e0_0, 0, 4;
    %pushi/vec4 1, 0, 1;
    %store/vec4 v0x7ff699f4d630_0, 0, 1;
    %jmp T_2.21;
T_2.14 ;
    %pushi/vec4 4, 0, 4;
    %store/vec4 v0x7ff699f4d1e0_0, 0, 4;
    %pushi/vec4 1, 0, 1;
    %store/vec4 v0x7ff699f4d630_0, 0, 1;
    %jmp T_2.21;
T_2.15 ;
    %pushi/vec4 5, 0, 4;
    %store/vec4 v0x7ff699f4d1e0_0, 0, 4;
    %pushi/vec4 1, 0, 1;
    %store/vec4 v0x7ff699f4d630_0, 0, 1;
    %jmp T_2.21;
T_2.16 ;
    %pushi/vec4 6, 0, 4;
    %store/vec4 v0x7ff699f4d1e0_0, 0, 4;
    %pushi/vec4 1, 0, 1;
    %store/vec4 v0x7ff699f4d630_0, 0, 1;
    %jmp T_2.21;
T_2.17 ;
    %pushi/vec4 0, 0, 1;
    %store/vec4 v0x7ff699f4d2b0_0, 0, 1;
    %pushi/vec4 7, 0, 4;
    %store/vec4 v0x7ff699f4d1e0_0, 0, 4;
    %pushi/vec4 1, 0, 1;
    %store/vec4 v0x7ff699f4d630_0, 0, 1;
    %jmp T_2.21;
T_2.18 ;
    %pushi/vec4 8, 0, 4;
    %store/vec4 v0x7ff699f4d1e0_0, 0, 4;
    %pushi/vec4 1, 0, 1;
    %store/vec4 v0x7ff699f4d630_0, 0, 1;
    %jmp T_2.21;
T_2.19 ;
    %pushi/vec4 9, 0, 4;
    %store/vec4 v0x7ff699f4d1e0_0, 0, 4;
    %pushi/vec4 1, 0, 1;
    %store/vec4 v0x7ff699f4d630_0, 0, 1;
    %jmp T_2.21;
T_2.20 ;
    %pushi/vec4 1, 0, 1;
    %store/vec4 v0x7ff699f4d3d0_0, 0, 1;
    %jmp T_2.21;
T_2.21 ;
    %pop/vec4 1;
    %jmp T_2.10;
T_2.1 ;
    %pushi/vec4 1, 0, 1;
    %store/vec4 v0x7ff699f4d6d0_0, 0, 1;
    %pushi/vec4 1, 0, 4;
    %store/vec4 v0x7ff699f4d1e0_0, 0, 4;
    %pushi/vec4 1, 0, 1;
    %store/vec4 v0x7ff699f4d630_0, 0, 1;
    %jmp T_2.10;
T_2.2 ;
    %pushi/vec4 1, 0, 1;
    %store/vec4 v0x7ff699f4d6d0_0, 0, 1;
    %pushi/vec4 3, 0, 4;
    %store/vec4 v0x7ff699f4d1e0_0, 0, 4;
    %pushi/vec4 1, 0, 1;
    %store/vec4 v0x7ff699f4d630_0, 0, 1;
    %jmp T_2.10;
T_2.3 ;
    %pushi/vec4 1, 0, 1;
    %store/vec4 v0x7ff699f4d6d0_0, 0, 1;
    %pushi/vec4 7, 0, 4;
    %store/vec4 v0x7ff699f4d1e0_0, 0, 4;
    %pushi/vec4 1, 0, 1;
    %store/vec4 v0x7ff699f4d630_0, 0, 1;
    %jmp T_2.10;
T_2.4 ;
    %pushi/vec4 1, 0, 1;
    %store/vec4 v0x7ff699f4d2b0_0, 0, 1;
    %pushi/vec4 10, 0, 4;
    %store/vec4 v0x7ff699f4d1e0_0, 0, 4;
    %jmp T_2.10;
T_2.5 ;
    %pushi/vec4 1, 0, 1;
    %store/vec4 v0x7ff699f4d2b0_0, 0, 1;
    %pushi/vec4 11, 0, 4;
    %store/vec4 v0x7ff699f4d1e0_0, 0, 4;
    %jmp T_2.10;
T_2.6 ;
    %pushi/vec4 1, 0, 1;
    %store/vec4 v0x7ff699f4d6d0_0, 0, 1;
    %pushi/vec4 1, 0, 1;
    %store/vec4 v0x7ff699f4d590_0, 0, 1;
    %pushi/vec4 1, 0, 4;
    %store/vec4 v0x7ff699f4d1e0_0, 0, 4;
    %pushi/vec4 1, 0, 1;
    %store/vec4 v0x7ff699f4d630_0, 0, 1;
    %jmp T_2.10;
T_2.7 ;
    %pushi/vec4 1, 0, 1;
    %store/vec4 v0x7ff699f4d6d0_0, 0, 1;
    %pushi/vec4 1, 0, 4;
    %store/vec4 v0x7ff699f4d1e0_0, 0, 4;
    %pushi/vec4 1, 0, 1;
    %store/vec4 v0x7ff699f4d4f0_0, 0, 1;
    %jmp T_2.10;
T_2.8 ;
    %pushi/vec4 1, 0, 1;
    %store/vec4 v0x7ff699f4d460_0, 0, 1;
    %jmp T_2.10;
T_2.9 ;
    %pushi/vec4 1, 0, 1;
    %store/vec4 v0x7ff699f4d460_0, 0, 1;
    %pushi/vec4 1, 0, 1;
    %store/vec4 v0x7ff699f4d340_0, 0, 1;
    %pushi/vec4 1, 0, 1;
    %store/vec4 v0x7ff699f4d630_0, 0, 1;
    %jmp T_2.10;
T_2.10 ;
    %pop/vec4 1;
    %jmp T_2;
    .thread T_2, $push;
    .scope S_0x7ff699f4f480;
T_3 ;
    %wait E_0x7ff699f2f680;
    %load/vec4 v0x7ff699f50360_0;
    %flag_set/vec4 8;
    %jmp/0xz  T_3.0, 8;
    %pushi/vec4 0, 0, 32;
    %store/vec4 v0x7ff699f502b0_0, 0, 32;
T_3.2 ;
    %load/vec4 v0x7ff699f502b0_0;
    %cmpi/s 32, 0, 32;
    %jmp/0xz T_3.3, 5;
    %pushi/vec4 0, 0, 32;
    %ix/getv/s 3, v0x7ff699f502b0_0;
    %ix/load 4, 0, 0; Constant delay
    %assign/vec4/a/d v0x7ff699f4fbb0, 0, 4;
    %load/vec4 v0x7ff699f502b0_0;
    %addi 1, 0, 32;
    %store/vec4 v0x7ff699f502b0_0, 0, 32;
    %jmp T_3.2;
T_3.3 ;
    %jmp T_3.1;
T_3.0 ;
    %load/vec4 v0x7ff699f4fae0_0;
    %load/vec4 v0x7ff699f4fc40_0;
    %pad/u 32;
    %pushi/vec4 0, 0, 32;
    %cmp/e;
    %flag_get/vec4 4;
    %inv;
    %and;
    %flag_set/vec4 8;
    %jmp/0xz  T_3.4, 8;
    %load/vec4 v0x7ff699f4fcd0_0;
    %load/vec4 v0x7ff699f4fc40_0;
    %pad/u 7;
    %ix/vec4 3;
    %ix/load 4, 0, 0; Constant delay
    %assign/vec4/a/d v0x7ff699f4fbb0, 0, 4;
T_3.4 ;
T_3.1 ;
    %jmp T_3;
    .thread T_3;
    .scope S_0x7ff699f4b4e0;
T_4 ;
    %wait E_0x7ff699f4bfd0;
    %pushi/vec4 0, 0, 32;
    %store/vec4 v0x7ff699f4c0f0_0, 0, 32;
    %pushi/vec4 0, 0, 1;
    %store/vec4 v0x7ff699f4c190_0, 0, 1;
    %load/vec4 v0x7ff699f4c030_0;
    %dup/vec4;
    %pushi/vec4 1, 0, 4;
    %cmp/u;
    %jmp/1 T_4.0, 6;
    %dup/vec4;
    %pushi/vec4 2, 0, 4;
    %cmp/u;
    %jmp/1 T_4.1, 6;
    %dup/vec4;
    %pushi/vec4 3, 0, 4;
    %cmp/u;
    %jmp/1 T_4.2, 6;
    %dup/vec4;
    %pushi/vec4 4, 0, 4;
    %cmp/u;
    %jmp/1 T_4.3, 6;
    %dup/vec4;
    %pushi/vec4 5, 0, 4;
    %cmp/u;
    %jmp/1 T_4.4, 6;
    %dup/vec4;
    %pushi/vec4 6, 0, 4;
    %cmp/u;
    %jmp/1 T_4.5, 6;
    %dup/vec4;
    %pushi/vec4 7, 0, 4;
    %cmp/u;
    %jmp/1 T_4.6, 6;
    %dup/vec4;
    %pushi/vec4 8, 0, 4;
    %cmp/u;
    %jmp/1 T_4.7, 6;
    %dup/vec4;
    %pushi/vec4 9, 0, 4;
    %cmp/u;
    %jmp/1 T_4.8, 6;
    %dup/vec4;
    %pushi/vec4 10, 0, 4;
    %cmp/u;
    %jmp/1 T_4.9, 6;
    %dup/vec4;
    %pushi/vec4 11, 0, 4;
    %cmp/u;
    %jmp/1 T_4.10, 6;
    %jmp T_4.11;
T_4.0 ;
    %load/vec4 v0x7ff699f4c220_0;
    %load/vec4 v0x7ff699f4c2b0_0;
    %add;
    %store/vec4 v0x7ff699f4c0f0_0, 0, 32;
    %jmp T_4.11;
T_4.1 ;
    %load/vec4 v0x7ff699f4c220_0;
    %load/vec4 v0x7ff699f4c2b0_0;
    %sub;
    %store/vec4 v0x7ff699f4c0f0_0, 0, 32;
    %jmp T_4.11;
T_4.2 ;
    %load/vec4 v0x7ff699f4c220_0;
    %load/vec4 v0x7ff699f4c2b0_0;
    %and;
    %store/vec4 v0x7ff699f4c0f0_0, 0, 32;
    %jmp T_4.11;
T_4.3 ;
    %load/vec4 v0x7ff699f4c220_0;
    %load/vec4 v0x7ff699f4c2b0_0;
    %or;
    %store/vec4 v0x7ff699f4c0f0_0, 0, 32;
    %jmp T_4.11;
T_4.4 ;
    %load/vec4 v0x7ff699f4c220_0;
    %load/vec4 v0x7ff699f4c2b0_0;
    %xor;
    %store/vec4 v0x7ff699f4c0f0_0, 0, 32;
    %jmp T_4.11;
T_4.5 ;
    %load/vec4 v0x7ff699f4c220_0;
    %load/vec4 v0x7ff699f4c2b0_0;
    %or;
    %inv;
    %store/vec4 v0x7ff699f4c0f0_0, 0, 32;
    %jmp T_4.11;
T_4.6 ;
    %load/vec4 v0x7ff699f4c220_0;
    %load/vec4 v0x7ff699f4c2b0_0;
    %cmp/u;
    %flag_mov 8, 5;
    %jmp/0 T_4.12, 8;
    %pushi/vec4 1, 0, 32;
    %jmp/1 T_4.13, 8;
T_4.12 ; End of true expr.
    %pushi/vec4 0, 0, 32;
    %jmp/0 T_4.13, 8;
 ; End of false expr.
    %blend;
T_4.13;
    %store/vec4 v0x7ff699f4c0f0_0, 0, 32;
    %jmp T_4.11;
T_4.7 ;
    %load/vec4 v0x7ff699f4c2b0_0;
    %ix/getv 4, v0x7ff699f4c380_0;
    %shiftl 4;
    %store/vec4 v0x7ff699f4c0f0_0, 0, 32;
    %jmp T_4.11;
T_4.8 ;
    %load/vec4 v0x7ff699f4c2b0_0;
    %ix/getv 4, v0x7ff699f4c380_0;
    %shiftr 4;
    %store/vec4 v0x7ff699f4c0f0_0, 0, 32;
    %jmp T_4.11;
T_4.9 ;
    %pushi/vec4 1, 0, 1;
    %store/vec4 v0x7ff699f4c190_0, 0, 1;
    %jmp T_4.11;
T_4.10 ;
    %pushi/vec4 0, 0, 1;
    %store/vec4 v0x7ff699f4c190_0, 0, 1;
    %jmp T_4.11;
T_4.11 ;
    %pop/vec4 1;
    %jmp T_4;
    .thread T_4, $push;
    .scope S_0x7ff699f4e630;
T_5 ;
    %wait E_0x7ff699f4e9a0;
    %load/vec4 v0x7ff699f4ec80_0;
    %dup/vec4;
    %pushi/vec4 0, 0, 2;
    %cmp/u;
    %jmp/1 T_5.0, 6;
    %dup/vec4;
    %pushi/vec4 1, 0, 2;
    %cmp/u;
    %jmp/1 T_5.1, 6;
    %dup/vec4;
    %pushi/vec4 2, 0, 2;
    %cmp/u;
    %jmp/1 T_5.2, 6;
    %dup/vec4;
    %pushi/vec4 3, 0, 2;
    %cmp/u;
    %jmp/1 T_5.3, 6;
    %jmp T_5.5;
T_5.0 ;
    %load/vec4 v0x7ff699f4ea10_0;
    %store/vec4 v0x7ff699f4ed50_0, 0, 18;
    %jmp T_5.5;
T_5.1 ;
    %load/vec4 v0x7ff699f4eac0_0;
    %store/vec4 v0x7ff699f4ed50_0, 0, 18;
    %jmp T_5.5;
T_5.2 ;
    %load/vec4 v0x7ff699f4eb60_0;
    %store/vec4 v0x7ff699f4ed50_0, 0, 18;
    %jmp T_5.5;
T_5.3 ;
    %load/vec4 v0x7ff699f4ebf0_0;
    %store/vec4 v0x7ff699f4ed50_0, 0, 18;
    %jmp T_5.5;
T_5.5 ;
    %pop/vec4 1;
    %jmp T_5;
    .thread T_5, $push;
    .scope S_0x7ff699f4da40;
T_6 ;
    %wait E_0x7ff699f4dc70;
    %load/vec4 v0x7ff699f4dcc0_0;
    %load/vec4 v0x7ff699f4df30_0;
    %and;
    %flag_set/vec4 8;
    %jmp/0 T_6.0, 8;
    %pushi/vec4 1, 0, 3;
    %jmp/1 T_6.1, 8;
T_6.0 ; End of true expr.
    %load/vec4 v0x7ff699f4dd80_0;
    %flag_set/vec4 9;
    %jmp/0 T_6.2, 9;
    %pushi/vec4 2, 0, 3;
    %jmp/1 T_6.3, 9;
T_6.2 ; End of true expr.
    %load/vec4 v0x7ff699f4de10_0;
    %flag_set/vec4 10;
    %jmp/0 T_6.4, 10;
    %pushi/vec4 3, 0, 3;
    %jmp/1 T_6.5, 10;
T_6.4 ; End of true expr.
    %pushi/vec4 0, 0, 3;
    %jmp/0 T_6.5, 10;
 ; End of false expr.
    %blend;
T_6.5;
    %jmp/0 T_6.3, 9;
 ; End of false expr.
    %blend;
T_6.3;
    %jmp/0 T_6.1, 8;
 ; End of false expr.
    %blend;
T_6.1;
    %pad/s 2;
    %store/vec4 v0x7ff699f4dea0_0, 0, 2;
    %jmp T_6;
    .thread T_6, $push;
    .scope S_0x7ff699f33f00;
T_7 ;
    %delay 500, 0;
    %load/vec4 v0x7ff699f54990_0;
    %inv;
    %store/vec4 v0x7ff699f54990_0, 0, 1;
    %jmp T_7;
    .thread T_7;
    .scope S_0x7ff699f33f00;
T_8 ;
    %pushi/vec4 0, 0, 1;
    %store/vec4 v0x7ff699f54990_0, 0, 1;
    %pushi/vec4 0, 0, 1;
    %store/vec4 v0x7ff699f54c50_0, 0, 1;
    %pushi/vec4 0, 0, 1;
    %store/vec4 v0x7ff699f54a20_0, 0, 1;
    %vpi_call 2 67 "$readmemh", "./tb1/IM_data.dat", v0x7ff699f49c00 {0 0 0};
    %vpi_call 2 68 "$readmemh", "./tb1/golden_DM.dat", v0x7ff699f54ab0 {0 0 0};
    %delay 600, 0;
    %pushi/vec4 1, 0, 1;
    %store/vec4 v0x7ff699f54c50_0, 0, 1;
    %delay 1000, 0;
    %pushi/vec4 0, 0, 1;
    %store/vec4 v0x7ff699f54c50_0, 0, 1;
T_8.0 ;
    %load/vec4 v0x7ff699f547b0_0;
    %pad/u 32;
    %pushi/vec4 48, 0, 32;
    %cmp/e;
    %flag_get/vec4 4;
    %cmpi/ne 1, 0, 1;
    %jmp/0xz T_8.1, 6;
    %wait E_0x7ff699f36b10;
    %jmp T_8.0;
T_8.1 ;
    %load/vec4 v0x7ff699f54ce0_0;
    %nor/r;
    %flag_set/vec4 8;
    %jmp/0xz  T_8.2, 8;
    %vpi_call 2 73 "$display", "============================================================================" {0 0 0};
    %vpi_call 2 74 "$display", "\012 (T_T)  The simulation result is FAIL!!! Please check jal is work or not !!!.\012" {0 0 0};
    %vpi_call 2 75 "$display", "============================================================================" {0 0 0};
    %jmp T_8.3;
T_8.2 ;
    %vpi_call 2 78 "$display", "\012" {0 0 0};
    %vpi_call 2 79 "$display", "        Single Cycle CPU\011\011\011\011            " {0 0 0};
    %vpi_call 2 80 "$display", "        ****************************              " {0 0 0};
    %vpi_call 2 81 "$display", "        **                        **       /|__/|" {0 0 0};
    %vpi_call 2 82 "$display", "        **  Congratulations !!    **      / O,O  |" {0 0 0};
    %vpi_call 2 83 "$display", "        **                        **    /_____   |" {0 0 0};
    %vpi_call 2 84 "$display", "        **  Simulation PASS!!     **   /^ ^ ^ \134  |" {0 0 0};
    %vpi_call 2 85 "$display", "        **                        **  |^ ^ ^ ^ |w|" {0 0 0};
    %vpi_call 2 86 "$display", "        *************** ************   \134m___m__|_|" {0 0 0};
    %vpi_call 2 87 "$display", "         student ID :                              " {0 0 0};
    %vpi_call 2 88 "$display", "\012" {0 0 0};
T_8.3 ;
    %vpi_call 2 90 "$finish" {0 0 0};
    %end;
    .thread T_8;
    .scope S_0x7ff699f33f00;
T_9 ;
T_9.0 ;
    %load/vec4 v0x7ff699f547b0_0;
    %pad/u 32;
    %pushi/vec4 41, 0, 32;
    %cmp/e;
    %flag_get/vec4 4;
    %cmpi/ne 1, 0, 1;
    %jmp/0xz T_9.1, 6;
    %wait E_0x7ff699f36b10;
    %jmp T_9.0;
T_9.1 ;
    %vpi_call 2 96 "$display", "[ testfuxture1.v ] Rtype test START !!" {0 0 0};
    %pushi/vec4 0, 0, 32;
    %store/vec4 v0x7ff699f54bc0_0, 0, 32;
T_9.2 ;
    %load/vec4 v0x7ff699f54bc0_0;
    %cmpi/s 9, 0, 32;
    %jmp/0xz T_9.3, 5;
    %ix/getv/s 4, v0x7ff699f54bc0_0;
    %load/vec4a v0x7ff699f54ab0, 4;
    %ix/getv/s 4, v0x7ff699f54bc0_0;
    %load/vec4a v0x7ff699f49190, 4;
    %cmp/ne;
    %jmp/0xz  T_9.4, 4;
    %vpi_call 2 99 "$display", "DM_data[%d] = %h  ERROR, EXPECT DM_data[%d]= %h ", v0x7ff699f54bc0_0, &A<v0x7ff699f49190, v0x7ff699f54bc0_0 >, v0x7ff699f54bc0_0, &A<v0x7ff699f54ab0, v0x7ff699f54bc0_0 > {0 0 0};
    %pushi/vec4 1, 0, 1;
    %store/vec4 v0x7ff699f54a20_0, 0, 1;
T_9.4 ;
    %load/vec4 v0x7ff699f54bc0_0;
    %addi 1, 0, 32;
    %store/vec4 v0x7ff699f54bc0_0, 0, 32;
    %jmp T_9.2;
T_9.3 ;
    %load/vec4 v0x7ff699f54a20_0;
    %flag_set/vec4 8;
    %jmp/0xz  T_9.6, 8;
    %vpi_call 2 107 "$display", "============================================================================" {0 0 0};
    %vpi_call 2 108 "$display", "\012 (T_T)  The Rtype result of DM_data is FAIL!!! there have some errors in all.\012" {0 0 0};
    %vpi_call 2 109 "$display", "============================================================================" {0 0 0};
    %vpi_call 2 110 "$finish" {0 0 0};
    %jmp T_9.7;
T_9.6 ;
    %vpi_call 2 113 "$display", "============================================================================" {0 0 0};
    %vpi_call 2 114 "$display", "\012 \134(^o^)/  The Rtype result of DM_data is PASS!!!\012" {0 0 0};
    %vpi_call 2 115 "$display", "============================================================================" {0 0 0};
T_9.7 ;
    %end;
    .thread T_9;
    .scope S_0x7ff699f33f00;
T_10 ;
T_10.0 ;
    %load/vec4 v0x7ff699f547b0_0;
    %pad/u 32;
    %pushi/vec4 44, 0, 32;
    %cmp/e;
    %flag_get/vec4 4;
    %cmpi/ne 1, 0, 1;
    %jmp/0xz T_10.1, 6;
    %wait E_0x7ff699f36b10;
    %jmp T_10.0;
T_10.1 ;
    %vpi_call 2 122 "$display", "[ testfuxture1.v ] Jump test START !!" {0 0 0};
    %pushi/vec4 9, 0, 32;
    %store/vec4 v0x7ff699f54bc0_0, 0, 32;
T_10.2 ;
    %load/vec4 v0x7ff699f54bc0_0;
    %cmpi/s 10, 0, 32;
    %jmp/0xz T_10.3, 5;
    %ix/getv/s 4, v0x7ff699f54bc0_0;
    %load/vec4a v0x7ff699f54ab0, 4;
    %ix/getv/s 4, v0x7ff699f54bc0_0;
    %load/vec4a v0x7ff699f49190, 4;
    %cmp/ne;
    %jmp/0xz  T_10.4, 4;
    %vpi_call 2 125 "$display", "DM_data[%d] = %h  ERROR, EXPECT DM_data[%d]= %h ", v0x7ff699f54bc0_0, &A<v0x7ff699f49190, v0x7ff699f54bc0_0 >, v0x7ff699f54bc0_0, &A<v0x7ff699f54ab0, v0x7ff699f54bc0_0 > {0 0 0};
    %pushi/vec4 1, 0, 1;
    %store/vec4 v0x7ff699f54a20_0, 0, 1;
T_10.4 ;
    %load/vec4 v0x7ff699f54bc0_0;
    %addi 1, 0, 32;
    %store/vec4 v0x7ff699f54bc0_0, 0, 32;
    %jmp T_10.2;
T_10.3 ;
    %load/vec4 v0x7ff699f54a20_0;
    %flag_set/vec4 8;
    %jmp/0xz  T_10.6, 8;
    %vpi_call 2 133 "$display", "============================================================================" {0 0 0};
    %vpi_call 2 134 "$display", "\012 (T_T)  The Jump result of DM_data is FAIL!!! there have some errors in all.\012" {0 0 0};
    %vpi_call 2 135 "$display", "============================================================================" {0 0 0};
    %vpi_call 2 136 "$finish" {0 0 0};
    %jmp T_10.7;
T_10.6 ;
    %vpi_call 2 139 "$display", "============================================================================" {0 0 0};
    %vpi_call 2 140 "$display", "\012 \134(^o^)/  The Jump result of DM_data is PASS!!!\012" {0 0 0};
    %vpi_call 2 141 "$display", "============================================================================" {0 0 0};
T_10.7 ;
    %end;
    .thread T_10;
    .scope S_0x7ff699f33f00;
T_11 ;
    %pushi/vec4 0, 0, 1;
    %store/vec4 v0x7ff699f54ce0_0, 0, 1;
T_11.0 ;
    %load/vec4 v0x7ff699f547b0_0;
    %pad/u 32;
    %pushi/vec4 64, 0, 32;
    %cmp/e;
    %flag_get/vec4 4;
    %cmpi/ne 1, 0, 1;
    %jmp/0xz T_11.1, 6;
    %wait E_0x7ff699f36b10;
    %jmp T_11.0;
T_11.1 ;
    %pushi/vec4 1, 0, 1;
    %store/vec4 v0x7ff699f54ce0_0, 0, 1;
    %vpi_call 2 150 "$display", "[ testfuxture1.v ] Itype test START !!" {0 0 0};
    %pushi/vec4 10, 0, 32;
    %store/vec4 v0x7ff699f54bc0_0, 0, 32;
T_11.2 ;
    %load/vec4 v0x7ff699f54bc0_0;
    %cmpi/s 14, 0, 32;
    %jmp/0xz T_11.3, 5;
    %ix/getv/s 4, v0x7ff699f54bc0_0;
    %load/vec4a v0x7ff699f54ab0, 4;
    %ix/getv/s 4, v0x7ff699f54bc0_0;
    %load/vec4a v0x7ff699f49190, 4;
    %cmp/ne;
    %jmp/0xz  T_11.4, 4;
    %vpi_call 2 153 "$display", "DM_data[%d] = %h  ERROR, EXPECT DM_data[%d]= %h ", v0x7ff699f54bc0_0, &A<v0x7ff699f49190, v0x7ff699f54bc0_0 >, v0x7ff699f54bc0_0, &A<v0x7ff699f54ab0, v0x7ff699f54bc0_0 > {0 0 0};
    %pushi/vec4 1, 0, 1;
    %store/vec4 v0x7ff699f54a20_0, 0, 1;
T_11.4 ;
    %load/vec4 v0x7ff699f54bc0_0;
    %addi 1, 0, 32;
    %store/vec4 v0x7ff699f54bc0_0, 0, 32;
    %jmp T_11.2;
T_11.3 ;
    %load/vec4 v0x7ff699f54a20_0;
    %flag_set/vec4 8;
    %jmp/0xz  T_11.6, 8;
    %vpi_call 2 161 "$display", "============================================================================" {0 0 0};
    %vpi_call 2 162 "$display", "\012 (T_T)  The Itype result of DM_data is FAIL!!! there have some errors in all.\012" {0 0 0};
    %vpi_call 2 163 "$display", "============================================================================" {0 0 0};
    %vpi_call 2 164 "$finish" {0 0 0};
    %jmp T_11.7;
T_11.6 ;
    %vpi_call 2 167 "$display", "============================================================================" {0 0 0};
    %vpi_call 2 168 "$display", "\012 \134(^o^)/  The Itype result of DM_data is PASS!!!\012" {0 0 0};
    %vpi_call 2 169 "$display", "============================================================================" {0 0 0};
T_11.7 ;
    %end;
    .thread T_11;
    .scope S_0x7ff699f33f00;
T_12 ;
    %delay 1000000, 0;
    %vpi_call 2 176 "$display", "================================================================================================================" {0 0 0};
    %vpi_call 2 177 "$display", "--------------------------- (/`n`)/ ~#  There was something wrong with your code !! ---------------------------" {0 0 0};
    %vpi_call 2 178 "$display", "--------------------------- The simulation can't finished!!, Please check jr is work or not !!! ---------------" {0 0 0};
    %vpi_call 2 179 "$display", "================================================================================================================" {0 0 0};
    %vpi_call 2 180 "$finish" {0 0 0};
    %end;
    .thread T_12;
    .scope S_0x7ff699f33f00;
T_13 ;
    %delay 1000000, 0;
    %vpi_call 2 186 "$display", "================================================================================================================" {0 0 0};
    %vpi_call 2 187 "$display", "--------------------------- (/`n`)/ ~#  There was something wrong with your code !! ---------------------------" {0 0 0};
    %vpi_call 2 188 "$display", "--------------------------- The simulation can't finished!!, Please check it !!! ------------------------------" {0 0 0};
    %vpi_call 2 189 "$display", "================================================================================================================" {0 0 0};
    %vpi_call 2 190 "$finish" {0 0 0};
    %end;
    .thread T_13;
    .scope S_0x7ff699f33f00;
T_14 ;
    %end;
    .thread T_14;
# The file index is used to find the file name in the following table.
:file_names 15;
    "N/A";
    "<interactive>";
    "cpu_tb.v";
    "./DM.v";
    "./IM.v";
    "./top.v";
    "./ADD.v";
    "./ALU.v";
    "./Controller.v";
    "./Jump_Ctrl.v";
    "./PC.v";
    "./Mux4to1.v";
    "./Mux2to1.v";
    "./Registers.v";
    "./sign_extend.v";
